<?xml version="1.0" encoding="UTF-8"?>
<testng-results ignored="0" total="2" passed="2" failed="0" skipped="0">
  <reporter-output>
  </reporter-output>
  <suite started-at="2023-07-26T12:38:02 IST" name="Surefire suite" finished-at="2023-07-26T12:38:02 IST" duration-ms="24">
    <groups>
    </groups>
    <test started-at="2023-07-26T12:38:02 IST" name="Surefire test" finished-at="2023-07-26T12:38:02 IST" duration-ms="24">
      <class name="automation.jenkinspractice.MobileTest">
        <test-method signature="login()[pri:0, instance:automation.jenkinspractice.MobileTest@797badd3]" started-at="2023-07-26T12:38:02 IST" name="login" finished-at="2023-07-26T12:38:02 IST" duration-ms="2" status="PASS">
          <reporter-output>
          </reporter-output>
        </test-method> <!-- login -->
        <test-method signature="logout()[pri:0, instance:automation.jenkinspractice.MobileTest@797badd3]" started-at="2023-07-26T12:38:02 IST" name="logout" finished-at="2023-07-26T12:38:02 IST" duration-ms="0" status="PASS">
          <reporter-output>
          </reporter-output>
        </test-method> <!-- logout -->
      </class> <!-- automation.jenkinspractice.MobileTest -->
    </test> <!-- Surefire test -->
  </suite> <!-- Surefire suite -->
</testng-results>
